[  0] Utilization = 0.07 | pJ/MACC =  134.837 | L5[WIO] Q56 M4 - L4[IO] M16 P56 C128 M2X - L3[] Q1 M2Y S3Y - L2[I] Q1 - L1[W] R3 - L0[O] Q1 
[  5] Utilization = 0.14 | pJ/MACC =   27.642 | L5[WIO] Q7 M64 C8 - L4[IO] M2 P56 C16 Q8X - L3[] Q1 S3Y - L2[I] Q1 - L1[W] R3 - L0[O] M2 
[  0] Utilization = 0.14 | pJ/MACC =   27.642 | L5[WIO] Q7 M64 C8 - L4[IO] M2 P56 C4 Q8X - L3[] Q1 S3Y - L2[I] Q1 - L1[W] R3 C4 - L0[O] M2 
[  2] Utilization = 0.14 | pJ/MACC =   27.656 | L5[WIO] Q7 M64 C8 - L4[IO] M2 P56 C4 Q8X - L3[] Q1 C4Y S3Y - L2[I] Q1 - L1[W] R3 - L0[O] M2 
[  1] Utilization = 0.14 | pJ/MACC =   27.647 | L5[WIO] Q7 M64 C8 - L4[IO] M2 P56 C4 Q8X - L3[] Q1 C2Y S3Y - L2[I] Q1 - L1[W] R3 C2 - L0[O] M2 
[  3] Utilization = 0.57 | pJ/MACC =   22.592 | L5[WIO] Q7 M4 C4 - L4[IO] M2 P56 C32 Q8X - L3[] Q1 M4Y S3Y - L2[I] Q1 - L1[W] R3 - L0[O] M8 
[  6] Utilization = 0.14 | pJ/MACC =   39.842 | L5[WIO] Q14 M8 C16 - L4[IO] M16 P56 C4 M2X Q4X - L3[] Q1 C2Y S3Y - L2[I] Q1 - L1[W] R3 - L0[O] Q1 
[  2] Utilization = 0.29 | pJ/MACC =    5.695 | L5[WIO] Q14 C64 - L4[IO] M64 P56 Q4X - L3[] Q1 M2Y C2Y S3Y - L2[I] Q1 - L1[W] R3 - L0[O] M2 
[  1] Utilization = 0.14 | pJ/MACC =    5.654 | L5[WIO] Q14 C64 - L4[IO] M64 P56 Q4X - L3[] Q1 M2Y S3Y - L2[I] Q1 - L1[W] R3 C2 - L0[O] M2 
[  4] Utilization = 0.57 | pJ/MACC =    6.690 | L5[WIO] Q28 M4 C128 - L4[IO] M2 P56 M4X Q2X - L3[] Q1 M4Y S3Y - L2[I] Q1 - L1[W] R3 - L0[O] M2 
[  7] Utilization = 0.57 | pJ/MACC =   22.592 | L5[WIO] Q7 M4 C4 - L4[IO] M2 P56 C16 Q8X - L3[] Q1 M4Y S3Y - L2[I] Q1 - L1[W] R3 C2 - L0[O] M8 
[  5] Utilization = 0.50 | pJ/MACC =   25.427 | L5[WIO] Q8 M8 C16 - L4[IO] M4 P56 C4 M2X Q7X - L3[] Q1 M2Y S3Y - L2[I] Q1 - L1[W] R3 C2 - L0[O] M2 
[  1] Utilization = 0.29 | pJ/MACC =  134.679 | L5[WIO] Q56 M16 - L4[IO] M2 P56 C16 M4X - L3[] Q1 M2Y C2Y S3Y - L2[I] Q1 - L1[W] R3 C4 - L0[O] Q1 
[  0] Utilization = 0.38 | pJ/MACC =    6.307 | L5[WIO] Q14 M8 C16 - L4[IO] M16 P56 M2X Q4X - L3[] Q1 C4Y S3Y - L2[I] Q1 - L1[W] R3 C2 - L0[O] Q1 
[  6] Utilization = 0.52 | pJ/MACC =   25.436 | L5[WIO] Q8 M8 C16 - L4[IO] M4 P56 C4 M2X Q7X - L3[] Q1 M2Y C2Y S3Y - L2[I] Q1 - L1[W] R3 - L0[O] M2 
[  2] Utilization = 0.50 | pJ/MACC =   25.427 | L5[WIO] Q8 M8 C16 - L4[IO] M4 P56 C2 M2X Q7X - L3[] Q1 M2Y S3Y - L2[I] Q1 - L1[W] R3 C4 - L0[O] M2 
[  1] Utilization = 0.57 | pJ/MACC =   70.383 | L5[WIO] Q28 M2 - L4[IO] M4 P56 C32 M4X Q2X - L3[] Q1 M2Y C2Y S3Y - L2[I] Q1 - L1[W] R3 C2 - L0[O] M4 
[  0] Utilization = 0.57 | pJ/MACC =   70.600 | L5[WIO] Q28 M16 - L4[IO] P56 C64 M4X Q2X - L3[] Q1 M4Y S3Y - L2[I] Q1 - L1[W] R3 C2 - L0[O] Q1 
[  5] Utilization = 0.50 | pJ/MACC =   15.870 | L5[WIO] Q4 M4 C8 - L4[IO] M8 P56 C16 Q14X - L3[] Q1 M2Y S3Y - L2[I] Q1 - L1[W] R3 - L0[O] M4 
[  7] Utilization = 1.00 | pJ/MACC =    5.223 | L5[WIO] Q4 M4 C16 - L4[IO] M8 P56 Q14X - L3[] Q1 M2Y C2Y S3Y - L2[I] Q1 - L1[W] R3 C4 - L0[O] M4 
[  2] Utilization = 0.57 | pJ/MACC =  135.005 | L5[WIO] Q56 M4 C8 - L4[IO] P56 C4 M8X - L3[] Q1 C4Y S3Y - L2[I] Q1 - L1[W] R3 - L0[O] M8 
[  6] Utilization = 1.00 | pJ/MACC =   16.557 | L5[WIO] Q4 M16 C8 - L4[IO] P56 C2 Q14X - L3[] Q1 C4Y S3Y - L2[I] Q1 - L1[W] R3 C2 - L0[O] M16 
[  1] Utilization = 1.00 | pJ/MACC =    5.958 | L5[WIO] Q4 M16 C8 - L4[IO] P56 Q14X - L3[] Q1 C4Y S3Y - L2[I] Q1 - L1[W] R3 C4 - L0[O] M16 
[  5] Utilization = 0.57 | pJ/MACC =   70.911 | L5[WIO] Q28 M4 C8 - L4[IO] M4 P56 C2 M4X Q2X - L3[] Q1 M2Y C2Y S3Y - L2[I] Q1 - L1[W] R3 C4 - L0[O] M2 
[  2] Utilization = 0.57 | pJ/MACC =   10.071 | L5[WIO] Q56 M16 C64 - L4[IO] P56 M8X - L3[] Q1 M2Y C2Y S3Y - L2[I] Q1 - L1[W] R3 - L0[O] Q1 
[  0] Utilization = 0.57 | pJ/MACC =   38.632 | L5[WIO] Q14 M4 C2 - L4[IO] M2 P56 C16 M2X Q4X - L3[] Q1 C4Y S3Y - L2[I] Q1 - L1[W] R3 - L0[O] M16 
[  5] Utilization = 1.00 | pJ/MACC =   16.563 | L5[WIO] Q4 M16 C8 - L4[IO] P56 C2 Q14X - L3[] Q1 M2Y C2Y S3Y - L2[I] Q1 - L1[W] R3 C4 - L0[O] M8 
[  2] Utilization = 0.57 | pJ/MACC =    6.296 | L5[WIO] Q28 M2 C64 - L4[IO] M4 P56 M4X Q2X - L3[] Q1 M2Y C2Y S3Y - L2[I] Q1 - L1[W] R3 - L0[O] M4 
[  4] Utilization = 0.63 | pJ/MACC =    5.512 | L5[WIO] Q8 M2 C128 - L4[IO] P56 M2X Q7X - L3[] Q1 M4Y S3Y - L2[I] Q1 - L1[W] R3 - L0[O] M16 
[  3] Utilization = 0.57 | pJ/MACC =    5.812 | L5[WIO] Q7 M8 C32 - L4[IO] M8 P56 Q8X - L3[] Q1 C4Y S3Y - L2[I] Q1 - L1[W] R3 - L0[O] M4 
[  0] Utilization = 0.57 | pJ/MACC =    6.859 | L5[WIO] Q28 M8 C16 - L4[IO] M2 P56 M4X Q2X - L3[] Q1 C4Y S3Y - L2[I] Q1 - L1[W] R3 C2 - L0[O] M4 
[  6] Utilization = 1.00 | pJ/MACC =   15.760 | L5[WIO] Q4 M4 C8 - L4[IO] M4 P56 C2 Q14X - L3[] Q1 C4Y S3Y - L2[I] Q1 - L1[W] R3 C2 - L0[O] M16 
[  0] Utilization = 0.57 | pJ/MACC =    5.809 | L5[WIO] Q14 M4 C16 - L4[IO] M16 P56 M2X Q4X - L3[] Q1 C4Y S3Y - L2[I] Q1 - L1[W] R3 C2 - L0[O] M2 
[  2] Utilization = 0.57 | pJ/MACC =    5.482 | L5[WIO] Q7 M4 C64 - L4[IO] M2 P56 Q8X - L3[] Q1 M2Y C2Y S3Y - L2[I] Q1 - L1[W] R3 - L0[O] M16 
[  4] Utilization = 0.80 | pJ/MACC =   25.094 | L5[WIO] Q8 M4 C32 - L4[IO] M4 P56 C2 M2X Q7X - L3[] Q1 M4Y S3Y - L2[I] Q1 - L1[W] R3 C2 - L0[O] M2 
[  2] Utilization = 1.00 | pJ/MACC =    5.299 | L5[WIO] Q8 M2 C32 - L4[IO] M8 P56 M2X Q7X - L3[] Q1 M2Y C2Y S3Y - L2[I] Q1 - L1[W] R3 C2 - L0[O] M4 
[  1] Utilization = 1.00 | pJ/MACC =    5.448 | L5[WIO] Q8 M4 C32 - L4[IO] M4 P56 M2X Q7X - L3[] Q1 M4Y S3Y - L2[I] Q1 - L1[W] R3 C4 - L0[O] M2 
[  1] Utilization = 1.00 | pJ/MACC =    5.162 | L5[WIO] Q4 M4 C8 - L4[IO] M4 P56 Q14X - L3[] Q1 C4Y S3Y - L2[I] Q1 - L1[W] R3 C4 - L0[O] M16 
[  4] Utilization = 1.00 | pJ/MACC =   24.772 | L5[WIO] Q8 M2 C32 - L4[IO] P56 C2 M2X Q7X - L3[] Q1 M4Y S3Y - L2[I] Q1 - L1[W] R3 C2 - L0[O] M16 
[  3] Utilization = 0.57 | pJ/MACC =    5.512 | L5[WIO] Q14 C32 - L4[IO] M16 P56 M2X Q4X - L3[] Q1 C4Y S3Y - L2[I] Q1 - L1[W] R3 - L0[O] M8 
[  3] Utilization = 1.00 | pJ/MACC =   24.778 | L5[WIO] Q8 M2 C8 - L4[IO] M4 P56 C8 M2X Q7X - L3[] Q1 M4Y S3Y - L2[I] Q1 - L1[W] R3 C2 - L0[O] M4 
[  0] Utilization = 1.00 | pJ/MACC =   24.778 | L5[WIO] Q8 M2 C8 - L4[IO] M4 P56 C4 M2X Q7X - L3[] Q1 M4Y S3Y - L2[I] Q1 - L1[W] R3 C4 - L0[O] M4 
[  0] Utilization = 1.00 | pJ/MACC =    7.092 | L5[WIO] Q4 M32 C16 - L4[IO] P56 Q14X - L3[] Q1 C4Y S3Y - L2[I] Q1 - L1[W] R3 C2 - L0[O] M8 
[  2] Utilization = 1.00 | pJ/MACC =    5.223 | L5[WIO] Q4 M4 C32 - L4[IO] M2 P56 Q14X - L3[] Q1 M2Y C2Y S3Y - L2[I] Q1 - L1[W] R3 C2 - L0[O] M16 
[  5] Utilization = 1.00 | pJ/MACC =   16.061 | L5[WIO] Q4 M8 C32 - L4[IO] P56 C2 Q14X - L3[] Q1 M2Y C2Y S3Y - L2[I] Q1 - L1[W] R3 - L0[O] M16 
[  5] Utilization = 1.00 | pJ/MACC =   15.796 | L5[WIO] Q4 M4 C32 - L4[IO] M2 P56 C2 Q14X - L3[] Q1 M2Y C2Y S3Y - L2[I] Q1 - L1[W] R3 - L0[O] M16 
[  3] Utilization = 1.00 | pJ/MACC =    5.516 | L5[WIO] Q8 M4 C32 - L4[IO] M8 P56 M2X Q7X - L3[] Q1 C4Y S3Y - L2[I] Q1 - L1[W] R3 - L0[O] M4 
[  5] Utilization = 1.00 | pJ/MACC =   15.745 | L5[WIO] Q4 M4 C16 - L4[IO] M2 P56 C4 Q14X - L3[] Q1 M4Y S3Y - L2[I] Q1 - L1[W] R3 C2 - L0[O] M8 
[  7] STATEMENT: 500 suboptimal mappings found since the last upgrade, terminating search.
[  1] STATEMENT: 500 suboptimal mappings found since the last upgrade, terminating search.
[  5] Utilization = 1.00 | pJ/MACC =   15.710 | L5[WIO] Q4 M4 C16 - L4[IO] P56 C4 Q14X - L3[] Q1 M4Y S3Y - L2[I] Q1 - L1[W] R3 C2 - L0[O] M16 
[  6] STATEMENT: 500 suboptimal mappings found since the last upgrade, terminating search.
[  2] STATEMENT: 500 suboptimal mappings found since the last upgrade, terminating search.
[  3] Utilization = 1.00 | pJ/MACC =    5.460 | L5[WIO] Q8 M4 C32 - L4[IO] M2 P56 M2X Q7X - L3[] Q1 C4Y S3Y - L2[I] Q1 - L1[W] R3 - L0[O] M16 
[  0] STATEMENT: 500 suboptimal mappings found since the last upgrade, terminating search.
[  4] STATEMENT: 500 suboptimal mappings found since the last upgrade, terminating search.
[  3] Utilization = 1.00 | pJ/MACC =    5.329 | L5[WIO] Q8 M2 C32 - L4[IO] M8 P56 M2X Q7X - L3[] Q1 C4Y S3Y - L2[I] Q1 - L1[W] R3 - L0[O] M8 
[  5] STATEMENT: 500 suboptimal mappings found since the last upgrade, terminating search.
[  3] STATEMENT: 500 suboptimal mappings found since the last upgrade, terminating search.
