[  0] Utilization = 0.12 | pJ/MACC =   50.051 | L5[WIO] Q9 C8 - L4[IO] P27 C3 Q3X - L3[] Q1 M2Y S5Y - L2[I] Q1 - L1[W] R5 - L0[O] M16 
[  7] Utilization = 0.16 | pJ/MACC =  137.018 | L5[WIO] Q27 M4 - L4[IO] P27 C12 M8X - L3[] Q1 S5Y - L2[I] Q1 - L1[W] R5 C2 - L0[O] Q1 
[  5] Utilization = 0.08 | pJ/MACC =  135.365 | L5[WIO] Q27 M2 - L4[IO] P27 C8 M4X - L3[] Q1 S5Y - L2[I] Q1 - L1[W] R5 C3 - L0[O] M4 
[  1] Utilization = 0.16 | pJ/MACC =  137.018 | L5[WIO] Q27 M4 - L4[IO] P27 C2 M8X - L3[] Q1 S5Y - L2[I] Q1 - L1[W] R5 C12 - L0[O] Q1 
[  0] Utilization = 0.16 | pJ/MACC =  137.018 | L5[WIO] Q27 M4 - L4[IO] P27 C24 M8X - L3[] Q1 S5Y - L2[I] Q1 - L1[W] R5 - L0[O] Q1 
[  2] Utilization = 0.31 | pJ/MACC =  137.018 | L5[WIO] Q27 M4 - L4[IO] P27 C2 M8X - L3[] Q1 C2Y S5Y - L2[I] Q1 - L1[W] R5 C6 - L0[O] Q1 
[  6] Utilization = 0.35 | pJ/MACC =   10.118 | L5[WIO] Q3 M2 C24 - L4[IO] M8 P27 Q9X - L3[] Q1 M2Y S5Y - L2[I] Q1 - L1[W] R5 - L0[O] Q1 
[  4] Utilization = 0.47 | pJ/MACC =  137.018 | L5[WIO] Q27 M4 - L4[IO] P27 C2 M8X - L3[] Q1 C3Y S5Y - L2[I] Q1 - L1[W] R5 C4 - L0[O] Q1 
[  3] Utilization = 0.12 | pJ/MACC =   30.292 | L5[WIO] Q3 M2 - L4[IO] M8 P27 C6 Q9X - L3[] Q1 M2Y S5Y - L2[I] Q1 - L1[W] R5 C4 - L0[O] Q1 
[  0] Utilization = 0.16 | pJ/MACC =  135.365 | L5[WIO] Q27 M2 - L4[IO] P27 C12 M4X - L3[] Q1 C2Y S5Y - L2[I] Q1 - L1[W] R5 - L0[O] M4 
[  3] Utilization = 0.18 | pJ/MACC =    7.980 | L5[WIO] Q9 C4 - L4[IO] M4 P27 Q3X - L3[] Q1 C3Y S5Y - L2[I] Q1 - L1[W] R5 C2 - L0[O] M8 
[  7] Utilization = 0.35 | pJ/MACC =    8.623 | L5[WIO] Q3 M2 C2 - L4[IO] M8 P27 Q9X - L3[] Q1 M2Y S5Y - L2[I] Q1 - L1[W] R5 C12 - L0[O] Q1 
[  4] Utilization = 0.62 | pJ/MACC =   11.325 | L5[WIO] Q27 C3 - L4[IO] P27 M16X - L3[] Q1 M2Y S5Y - L2[I] Q1 - L1[W] R5 C8 - L0[O] Q1 
[  5] Utilization = 0.12 | pJ/MACC =   59.818 | L5[WIO] Q9 M2 C6 - L4[IO] M8 P27 C2 Q3X - L3[] Q1 M2Y S5Y - L2[I] Q1 - L1[W] R5 C2 - L0[O] Q1 
[  3] Utilization = 0.70 | pJ/MACC =    8.220 | L5[WIO] Q9 M2 C4 - L4[IO] P27 M4X Q3X - L3[] Q1 C3Y S5Y - L2[I] Q1 - L1[W] R5 C2 - L0[O] M4 
[  2] Utilization = 0.70 | pJ/MACC =   11.931 | L5[WIO] Q9 M8 C2 - L4[IO] P27 M4X Q3X - L3[] Q1 C3Y S5Y - L2[I] Q1 - L1[W] R5 C4 - L0[O] Q1 
[  0] Utilization = 0.46 | pJ/MACC =   52.902 | L5[WIO] Q9 M2 C8 - L4[IO] M2 P27 C3 M4X Q3X - L3[] Q1 M2Y S5Y - L2[I] Q1 - L1[W] R5 - L0[O] Q1 
[  1] Utilization = 0.47 | pJ/MACC =    8.567 | L5[WIO] Q9 M2 C4 - L4[IO] M2 P27 M4X Q3X - L3[] Q1 M2Y S5Y - L2[I] Q1 - L1[W] R5 C6 - L0[O] Q1 
[  5] Utilization = 0.47 | pJ/MACC =   52.003 | L5[WIO] Q9 C2 - L4[IO] M4 P27 C2 M4X Q3X - L3[] Q1 M2Y S5Y - L2[I] Q1 - L1[W] R5 C6 - L0[O] Q1 
[  0] Utilization = 0.47 | pJ/MACC =   11.926 | L5[WIO] Q9 M8 C2 - L4[IO] P27 M4X Q3X - L3[] Q1 C2Y S5Y - L2[I] Q1 - L1[W] R5 C6 - L0[O] Q1 
[  6] Utilization = 0.70 | pJ/MACC =   51.009 | L5[WIO] Q9 M2 C4 - L4[IO] P27 C2 M4X Q3X - L3[] Q1 C3Y S5Y - L2[I] Q1 - L1[W] R5 - L0[O] M4 
[  7] Utilization = 0.47 | pJ/MACC =   52.630 | L5[WIO] Q9 M2 C4 - L4[IO] M2 P27 C3 M4X Q3X - L3[] Q1 M2Y S5Y - L2[I] Q1 - L1[W] R5 C2 - L0[O] Q1 
[  6] Utilization = 0.94 | pJ/MACC =  135.827 | L5[WIO] Q27 C2 - L4[IO] P27 C4 M16X - L3[] Q1 C3Y S5Y - L2[I] Q1 - L1[W] R5 - L0[O] M2 
[  4] Utilization = 0.70 | pJ/MACC =    7.549 | L5[WIO] Q9 M4 - L4[IO] P27 M4X Q3X - L3[] Q1 C3Y S5Y - L2[I] Q1 - L1[W] R5 C8 - L0[O] M2 
[  1] Utilization = 0.62 | pJ/MACC =   11.937 | L5[WIO] Q27 C12 - L4[IO] P27 M16X - L3[] Q1 M2Y S5Y - L2[I] Q1 - L1[W] R5 C2 - L0[O] Q1 
[  0] Utilization = 0.62 | pJ/MACC =  134.937 | L5[WIO] Q27 - L4[IO] P27 C4 M16X - L3[] Q1 C2Y S5Y - L2[I] Q1 - L1[W] R5 C3 - L0[O] M2 
[  1] Utilization = 0.94 | pJ/MACC =  134.937 | L5[WIO] Q27 - L4[IO] P27 C4 M16X - L3[] Q1 C3Y S5Y - L2[I] Q1 - L1[W] R5 C2 - L0[O] M2 
[  5] Utilization = 0.47 | pJ/MACC =   51.685 | L5[WIO] Q9 M2 - L4[IO] M2 P27 C8 M4X Q3X - L3[] Q1 M2Y S5Y - L2[I] Q1 - L1[W] R5 C3 - L0[O] Q1 
[  7] Utilization = 0.47 | pJ/MACC =   51.685 | L5[WIO] Q9 M2 - L4[IO] M2 P27 C4 M4X Q3X - L3[] Q1 M2Y S5Y - L2[I] Q1 - L1[W] R5 C6 - L0[O] Q1 
[  7] Utilization = 0.47 | pJ/MACC =    7.940 | L5[WIO] Q9 C2 - L4[IO] M4 P27 M4X Q3X - L3[] Q1 M2Y S5Y - L2[I] Q1 - L1[W] R5 C12 - L0[O] Q1 
[  4] Utilization = 0.94 | pJ/MACC =   10.513 | L5[WIO] Q27 - L4[IO] M2 P27 M16X - L3[] Q1 C3Y S5Y - L2[I] Q1 - L1[W] R5 C8 - L0[O] Q1 
[  5] Utilization = 0.47 | pJ/MACC =   51.001 | L5[WIO] Q9 M2 C2 - L4[IO] P27 C4 M4X Q3X - L3[] Q1 M2Y S5Y - L2[I] Q1 - L1[W] R5 C3 - L0[O] M2 
[  6] Utilization = 0.94 | pJ/MACC =  134.937 | L5[WIO] Q27 - L4[IO] P27 C8 M16X - L3[] Q1 C3Y S5Y - L2[I] Q1 - L1[W] R5 - L0[O] M2 
[  5] Utilization = 0.47 | pJ/MACC =   50.645 | L5[WIO] Q9 C4 - L4[IO] M2 P27 C2 M4X Q3X - L3[] Q1 M2Y S5Y - L2[I] Q1 - L1[W] R5 C3 - L0[O] M2 
[  7] Utilization = 0.70 | pJ/MACC =   12.403 | L5[WIO] Q9 M8 C8 - L4[IO] P27 M4X Q3X - L3[] Q1 C3Y S5Y - L2[I] Q1 - L1[W] R5 - L0[O] Q1 
[  2] Utilization = 0.70 | pJ/MACC =    8.982 | L5[WIO] Q9 M2 C2 - L4[IO] M4 P27 M4X Q3X - L3[] Q1 C3Y S5Y - L2[I] Q1 - L1[W] R5 C4 - L0[O] Q1 
[  5] Utilization = 0.47 | pJ/MACC =   50.191 | L5[WIO] Q9 - L4[IO] M2 P27 C8 M4X Q3X - L3[] Q1 M2Y S5Y - L2[I] Q1 - L1[W] R5 C3 - L0[O] M2 
[  2] Utilization = 0.70 | pJ/MACC =    7.571 | L5[WIO] Q9 C2 - L4[IO] M2 P27 M4X Q3X - L3[] Q1 C3Y S5Y - L2[I] Q1 - L1[W] R5 C4 - L0[O] M4 
[  3] Utilization = 0.94 | pJ/MACC =   12.614 | L5[WIO] Q27 M2 C4 - L4[IO] P27 M16X - L3[] Q1 C3Y S5Y - L2[I] Q1 - L1[W] R5 C2 - L0[O] Q1 
[  5] Utilization = 0.62 | pJ/MACC =  136.135 | L5[WIO] Q27 C2 - L4[IO] P27 C2 M16X - L3[] Q1 M2Y S5Y - L2[I] Q1 - L1[W] R5 C6 - L0[O] Q1 
[  5] Utilization = 0.62 | pJ/MACC =  135.895 | L5[WIO] Q27 C3 - L4[IO] P27 C4 M16X - L3[] Q1 C2Y S5Y - L2[I] Q1 - L1[W] R5 - L0[O] M2 
[  7] Utilization = 0.94 | pJ/MACC =   11.666 | L5[WIO] Q27 C8 - L4[IO] P27 M16X - L3[] Q1 C3Y S5Y - L2[I] Q1 - L1[W] R5 - L0[O] M2 
[  5] Utilization = 0.62 | pJ/MACC =   12.524 | L5[WIO] Q27 M2 C3 - L4[IO] P27 M16X - L3[] Q1 C2Y S5Y - L2[I] Q1 - L1[W] R5 C4 - L0[O] Q1 
[  3] Utilization = 0.94 | pJ/MACC =   11.352 | L5[WIO] Q27 C4 - L4[IO] P27 M16X - L3[] Q1 C3Y S5Y - L2[I] Q1 - L1[W] R5 C2 - L0[O] M2 
[  0] Utilization = 0.62 | pJ/MACC =   11.190 | L5[WIO] Q27 C2 - L4[IO] P27 M16X - L3[] Q1 C2Y S5Y - L2[I] Q1 - L1[W] R5 C6 - L0[O] M2 
[  2] Utilization = 0.94 | pJ/MACC =   11.195 | L5[WIO] Q27 C2 - L4[IO] P27 M16X - L3[] Q1 C3Y S5Y - L2[I] Q1 - L1[W] R5 C4 - L0[O] M2 
[  1] STATEMENT: 500 suboptimal mappings found since the last upgrade, terminating search.
[  4] Utilization = 0.94 | pJ/MACC =    5.715 | L5[WIO] Q27 - L4[IO] P27 M16X - L3[] Q1 C3Y S5Y - L2[I] Q1 - L1[W] R5 C8 - L0[O] M2 
[  6] STATEMENT: 500 suboptimal mappings found since the last upgrade, terminating search.
[  7] STATEMENT: 500 suboptimal mappings found since the last upgrade, terminating search.
[  5] STATEMENT: 500 suboptimal mappings found since the last upgrade, terminating search.
[  0] STATEMENT: 500 suboptimal mappings found since the last upgrade, terminating search.
[  3] STATEMENT: 500 suboptimal mappings found since the last upgrade, terminating search.
[  2] STATEMENT: 500 suboptimal mappings found since the last upgrade, terminating search.
[  4] STATEMENT: 500 suboptimal mappings found since the last upgrade, terminating search.
