[  6] Utilization = 0.15 | pJ/MACC =   10.727 | L5[WIO] C8 - L4[IO] M2 P13 Q13X - L3[] Q1 S3Y - L2[I] Q1 - L1[W] R3 C3 - L0[O] M6 
[  3] Utilization = 0.15 | pJ/MACC =   21.542 | L5[WIO] C3 - L4[IO] M2 P13 C8 Q13X - L3[] Q1 S3Y - L2[I] Q1 - L1[W] R3 - L0[O] M6 
[  0] Utilization = 0.15 | pJ/MACC =   21.542 | L5[WIO] C3 - L4[IO] M2 P13 C2 Q13X - L3[] Q1 S3Y - L2[I] Q1 - L1[W] R3 C4 - L0[O] M6 
[  7] Utilization = 0.46 | pJ/MACC =   10.850 | L5[WIO] C8 - L4[IO] M2 P13 Q13X - L3[] Q1 C3Y S3Y - L2[I] Q1 - L1[W] R3 - L0[O] M6 
[  5] Utilization = 0.30 | pJ/MACC =   21.559 | L5[WIO] C3 - L4[IO] M2 P13 C4 Q13X - L3[] Q1 C2Y S3Y - L2[I] Q1 - L1[W] R3 - L0[O] M6 
[  4] Utilization = 0.15 | pJ/MACC =   21.542 | L5[WIO] C3 - L4[IO] M2 P13 C4 Q13X - L3[] Q1 S3Y - L2[I] Q1 - L1[W] R3 C2 - L0[O] M6 
[  1] Utilization = 0.30 | pJ/MACC =   21.559 | L5[WIO] C3 - L4[IO] M2 P13 C2 Q13X - L3[] Q1 C2Y S3Y - L2[I] Q1 - L1[W] R3 C2 - L0[O] M6 
[  2] Utilization = 0.36 | pJ/MACC =   21.595 | L5[WIO] C3 - L4[IO] M2 P13 C2 Q13X - L3[] Q1 C4Y S3Y - L2[I] Q1 - L1[W] R3 - L0[O] M6 
[  6] Utilization = 0.28 | pJ/MACC =   16.961 | L5[WIO] M3 C8 - L4[IO] M2 P13 Q13X - L3[] Q1 M2Y S3Y - L2[I] Q1 - L1[W] R3 C3 - L0[O] Q1 
[  2] Utilization = 0.57 | pJ/MACC =   10.706 | L5[WIO] C4 - L4[IO] M3 P13 Q13X - L3[] Q1 M2Y C2Y S3Y - L2[I] Q1 - L1[W] R3 C3 - L0[O] M2 
[  0] Utilization = 0.22 | pJ/MACC =   24.236 | L5[WIO] C8 - L4[IO] M3 P13 C3 Q13X - L3[] Q1 M2Y S3Y - L2[I] Q1 - L1[W] R3 - L0[O] M2 
[  7] Utilization = 0.61 | pJ/MACC =   19.715 | L5[WIO] Q1 - L4[IO] P13 C12 Q13X - L3[] Q1 M4Y S3Y - L2[I] Q1 - L1[W] R3 C2 - L0[O] M3 
[  1] Utilization = 0.30 | pJ/MACC =   10.679 | L5[WIO] C4 - L4[IO] M3 P13 Q13X - L3[] Q1 M2Y S3Y - L2[I] Q1 - L1[W] R3 C6 - L0[O] M2 
[  4] Utilization = 0.30 | pJ/MACC =   14.116 | L5[WIO] M3 C3 - L4[IO] P13 Q13X - L3[] Q1 M2Y S3Y - L2[I] Q1 - L1[W] R3 C8 - L0[O] M2 
[  0] Utilization = 0.61 | pJ/MACC =   19.715 | L5[WIO] Q1 - L4[IO] P13 C24 Q13X - L3[] Q1 M4Y S3Y - L2[I] Q1 - L1[W] R3 - L0[O] M3 
[  6] Utilization = 0.30 | pJ/MACC =   17.958 | L5[WIO] M3 C24 - L4[IO] P13 Q13X - L3[] Q1 M2Y S3Y - L2[I] Q1 - L1[W] R3 - L0[O] M2 
[  3] Utilization = 0.21 | pJ/MACC =   28.587 | L5[WIO] M3 C12 - L4[IO] P13 C2 Q13X - L3[] Q1 M2Y S3Y - L2[I] Q1 - L1[W] R3 - L0[O] M2 
[  3] Utilization = 0.25 | pJ/MACC =   22.955 | L5[WIO] M3 - L4[IO] P13 C6 Q13X - L3[] Q1 M2Y S3Y - L2[I] Q1 - L1[W] R3 C4 - L0[O] M2 
[  5] Utilization = 0.59 | pJ/MACC =   14.133 | L5[WIO] M3 C3 - L4[IO] P13 Q13X - L3[] Q1 M2Y C2Y S3Y - L2[I] Q1 - L1[W] R3 C4 - L0[O] M2 
[  6] Utilization = 0.49 | pJ/MACC =   10.692 | L5[WIO] Q1 - L4[IO] M4 P13 Q13X - L3[] Q1 C4Y S3Y - L2[I] Q1 - L1[W] R3 C6 - L0[O] M3 
[  3] Utilization = 0.30 | pJ/MACC =   14.350 | L5[WIO] M2 C4 - L4[IO] M3 P13 Q13X - L3[] Q1 C3Y S3Y - L2[I] Q1 - L1[W] R3 C2 - L0[O] M2 
[  4] Utilization = 0.46 | pJ/MACC =   10.692 | L5[WIO] Q1 - L4[IO] M4 P13 Q13X - L3[] Q1 C3Y S3Y - L2[I] Q1 - L1[W] R3 C8 - L0[O] M3 
[  3] Utilization = 0.30 | pJ/MACC =   23.177 | L5[WIO] M2 C2 - L4[IO] P13 C3 Q13X - L3[] Q1 C2Y S3Y - L2[I] Q1 - L1[W] R3 C2 - L0[O] M6 
[  3] Utilization = 0.30 | pJ/MACC =   19.609 | L5[WIO] Q1 - L4[IO] P13 C6 Q13X - L3[] Q1 M2Y S3Y - L2[I] Q1 - L1[W] R3 C4 - L0[O] M6 
[  0] Utilization = 0.61 | pJ/MACC =   19.609 | L5[WIO] Q1 - L4[IO] P13 C4 Q13X - L3[] Q1 M2Y C2Y S3Y - L2[I] Q1 - L1[W] R3 C3 - L0[O] M6 
[  3] Utilization = 0.46 | pJ/MACC =   14.290 | L5[WIO] M3 C4 - L4[IO] P13 Q13X - L3[] Q1 C3Y S3Y - L2[I] Q1 - L1[W] R3 C2 - L0[O] M4 
[  4] Utilization = 0.61 | pJ/MACC =   19.609 | L5[WIO] Q1 - L4[IO] P13 C6 Q13X - L3[] Q1 M2Y C2Y S3Y - L2[I] Q1 - L1[W] R3 C2 - L0[O] M6 
[  1] Utilization = 0.46 | pJ/MACC =   20.211 | L5[WIO] C4 - L4[IO] P13 C6 Q13X - L3[] Q1 M3Y S3Y - L2[I] Q1 - L1[W] R3 - L0[O] M4 
[  3] Utilization = 0.47 | pJ/MACC =   16.331 | L5[WIO] M4 C2 - L4[IO] P13 Q13X - L3[] Q1 C4Y S3Y - L2[I] Q1 - L1[W] R3 C3 - L0[O] M3 
[  7] Utilization = 0.61 | pJ/MACC =    9.865 | L5[WIO] C3 - L4[IO] M2 P13 Q13X - L3[] Q1 C4Y S3Y - L2[I] Q1 - L1[W] R3 C2 - L0[O] M6 
[  2] Utilization = 0.61 | pJ/MACC =    9.419 | L5[WIO] C4 - L4[IO] P13 Q13X - L3[] Q1 M2Y C2Y S3Y - L2[I] Q1 - L1[W] R3 C3 - L0[O] M6 
[  3] Utilization = 0.52 | pJ/MACC =   11.089 | L5[WIO] C6 - L4[IO] M3 P13 Q13X - L3[] Q1 M2Y C2Y S3Y - L2[I] Q1 - L1[W] R3 C2 - L0[O] M2 
[  0] Utilization = 0.61 | pJ/MACC =    9.679 | L5[WIO] C2 - L4[IO] M2 P13 Q13X - L3[] Q1 M2Y C2Y S3Y - L2[I] Q1 - L1[W] R3 C6 - L0[O] M3 
[  5] Utilization = 0.61 | pJ/MACC =   11.680 | L5[WIO] M2 C3 - L4[IO] P13 Q13X - L3[] Q1 M2Y C2Y S3Y - L2[I] Q1 - L1[W] R3 C4 - L0[O] M3 
[  4] Utilization = 0.61 | pJ/MACC =   12.303 | L5[WIO] M2 C6 - L4[IO] P13 Q13X - L3[] Q1 C4Y S3Y - L2[I] Q1 - L1[W] R3 - L0[O] M6 
[  4] Utilization = 0.61 | pJ/MACC =    9.870 | L5[WIO] C6 - L4[IO] P13 Q13X - L3[] Q1 C4Y S3Y - L2[I] Q1 - L1[W] R3 - L0[O] M12 
[  3] Utilization = 0.61 | pJ/MACC =   19.715 | L5[WIO] Q1 - L4[IO] P13 C6 Q13X - L3[] Q1 M4Y S3Y - L2[I] Q1 - L1[W] R3 C4 - L0[O] M3 
[  3] Utilization = 0.61 | pJ/MACC =   10.279 | L5[WIO] C2 - L4[IO] M3 P13 Q13X - L3[] Q1 C4Y S3Y - L2[I] Q1 - L1[W] R3 C3 - L0[O] M4 
[  7] Utilization = 0.61 | pJ/MACC =    9.242 | L5[WIO] C3 - L4[IO] P13 Q13X - L3[] Q1 C4Y S3Y - L2[I] Q1 - L1[W] R3 C2 - L0[O] M12 
[  1] Utilization = 0.46 | pJ/MACC =   11.540 | L5[WIO] C12 - L4[IO] M2 P13 Q13X - L3[] Q1 M3Y S3Y - L2[I] Q1 - L1[W] R3 C2 - L0[O] M2 
[  1] Utilization = 0.61 | pJ/MACC =   19.715 | L5[WIO] Q1 - L4[IO] P13 C3 Q13X - L3[] Q1 M4Y S3Y - L2[I] Q1 - L1[W] R3 C8 - L0[O] M3 
[  5] Utilization = 0.61 | pJ/MACC =    9.227 | L5[WIO] C3 - L4[IO] P13 Q13X - L3[] Q1 M2Y C2Y S3Y - L2[I] Q1 - L1[W] R3 C4 - L0[O] M6 
[  3] Utilization = 0.61 | pJ/MACC =    9.655 | L5[WIO] C2 - L4[IO] M2 P13 Q13X - L3[] Q1 C4Y S3Y - L2[I] Q1 - L1[W] R3 C3 - L0[O] M6 
[  6] STATEMENT: 500 suboptimal mappings found since the last upgrade, terminating search.
[  0] STATEMENT: 500 suboptimal mappings found since the last upgrade, terminating search.
[  2] STATEMENT: 500 suboptimal mappings found since the last upgrade, terminating search.
[  4] Utilization = 0.61 | pJ/MACC =    9.250 | L5[WIO] C3 - L4[IO] P13 Q13X - L3[] Q1 M4Y S3Y - L2[I] Q1 - L1[W] R3 C8 - L0[O] M3 
[  1] Utilization = 0.61 | pJ/MACC =   10.897 | L5[WIO] C12 - L4[IO] P13 Q13X - L3[] Q1 M4Y S3Y - L2[I] Q1 - L1[W] R3 C2 - L0[O] M3 
[  7] STATEMENT: 500 suboptimal mappings found since the last upgrade, terminating search.
[  3] STATEMENT: 500 suboptimal mappings found since the last upgrade, terminating search.
[  5] STATEMENT: 500 suboptimal mappings found since the last upgrade, terminating search.
[  1] STATEMENT: 500 suboptimal mappings found since the last upgrade, terminating search.
[  4] STATEMENT: 500 suboptimal mappings found since the last upgrade, terminating search.
