[  4] Utilization = 0.05 | pJ/MACC =  135.508 | L5[WIO] Q13 M2 - L4[IO] M4 P13 C96 M2X - L3[] Q1 C2Y S3Y - L2[I] Q1 - L1[W] R3 - L0[O] M6 
[  3] Utilization = 0.02 | pJ/MACC =  135.508 | L5[WIO] Q13 M2 - L4[IO] M4 P13 C96 M2X - L3[] Q1 S3Y - L2[I] Q1 - L1[W] R3 C2 - L0[O] M6 
[  7] Utilization = 0.05 | pJ/MACC =  136.779 | L5[WIO] Q13 C4 - L4[IO] M12 P13 C12 - L3[] Q1 M2Y C2Y S3Y - L2[I] Q1 - L1[W] R3 C2 - L0[O] M4 
[  0] Utilization = 0.05 | pJ/MACC =  142.277 | L5[WIO] Q13 M6 C6 - L4[IO] M4 P13 C2 M2X - L3[] Q1 C2Y S3Y - L2[I] Q1 - L1[W] R3 C8 - L0[O] M2 
[  5] Utilization = 0.05 | pJ/MACC =  142.277 | L5[WIO] Q13 M6 C6 - L4[IO] M4 P13 C4 M2X - L3[] Q1 C2Y S3Y - L2[I] Q1 - L1[W] R3 C4 - L0[O] M2 
[  5] Utilization = 0.05 | pJ/MACC =  136.779 | L5[WIO] Q13 C4 - L4[IO] M12 P13 C24 - L3[] Q1 M2Y C2Y S3Y - L2[I] Q1 - L1[W] R3 - L0[O] M4 
[  7] Utilization = 0.09 | pJ/MACC =   18.930 | L5[WIO] Q13 M4 C32 - L4[IO] M3 P13 M4X - L3[] Q1 C2Y S3Y - L2[I] Q1 - L1[W] R3 C3 - L0[O] M2 
[  2] Utilization = 0.09 | pJ/MACC =  140.148 | L5[WIO] Q13 M6 C2 - L4[IO] M2 P13 C48 M4X - L3[] Q1 M2Y S3Y - L2[I] Q1 - L1[W] R3 C2 - L0[O] Q1 
[  2] Utilization = 0.19 | pJ/MACC =  134.707 | L5[WIO] Q13 C12 - L4[IO] P13 C4 M4X - L3[] Q1 C4Y S3Y - L2[I] Q1 - L1[W] R3 - L0[O] M24 
[  3] Utilization = 0.19 | pJ/MACC =  140.149 | L5[WIO] Q13 M6 C2 - L4[IO] M2 P13 C48 M4X - L3[] Q1 M2Y C2Y S3Y - L2[I] Q1 - L1[W] R3 - L0[O] Q1 
[  6] Utilization = 0.09 | pJ/MACC =  142.288 | L5[WIO] Q13 M6 C6 - L4[IO] M4 P13 C4 M2X - L3[] Q1 C4Y S3Y - L2[I] Q1 - L1[W] R3 C2 - L0[O] M2 
[  1] Utilization = 0.09 | pJ/MACC =  142.288 | L5[WIO] Q13 M6 C6 - L4[IO] M4 P13 C2 M2X - L3[] Q1 C4Y S3Y - L2[I] Q1 - L1[W] R3 C4 - L0[O] M2 
[  0] Utilization = 0.61 | pJ/MACC =   16.509 | L5[WIO] C8 - L4[IO] M3 P13 C8 Q13X - L3[] Q1 M4Y S3Y - L2[I] Q1 - L1[W] R3 C3 - L0[O] M8 
[  2] Utilization = 0.61 | pJ/MACC =   16.509 | L5[WIO] C8 - L4[IO] M3 P13 C24 Q13X - L3[] Q1 M4Y S3Y - L2[I] Q1 - L1[W] R3 - L0[O] M8 
[  4] Utilization = 0.09 | pJ/MACC =  140.148 | L5[WIO] Q13 M6 C2 - L4[IO] M2 P13 C6 M4X - L3[] Q1 M2Y S3Y - L2[I] Q1 - L1[W] R3 C16 - L0[O] Q1 
[  3] Utilization = 0.61 | pJ/MACC =   16.509 | L5[WIO] C8 - L4[IO] M3 P13 C12 Q13X - L3[] Q1 M4Y S3Y - L2[I] Q1 - L1[W] R3 C2 - L0[O] M8 
[  4] Utilization = 0.09 | pJ/MACC =  134.683 | L5[WIO] Q13 C12 - L4[IO] P13 C8 M4X - L3[] Q1 C2Y S3Y - L2[I] Q1 - L1[W] R3 - L0[O] M24 
[  1] Utilization = 0.14 | pJ/MACC =   17.117 | L5[WIO] Q13 C16 - L4[IO] M16 P13 M3X - L3[] Q1 C4Y S3Y - L2[I] Q1 - L1[W] R3 C3 - L0[O] M2 
[  7] Utilization = 0.61 | pJ/MACC =    8.476 | L5[WIO] M2 C12 - L4[IO] M12 P13 Q13X - L3[] Q1 M4Y S3Y - L2[I] Q1 - L1[W] R3 C16 - L0[O] Q1 
[  6] Utilization = 0.11 | pJ/MACC =  138.026 | L5[WIO] Q13 C16 - L4[IO] M16 P13 C2 M3X - L3[] Q1 C3Y S3Y - L2[I] Q1 - L1[W] R3 C2 - L0[O] M2 
[  5] Utilization = 0.19 | pJ/MACC =  140.149 | L5[WIO] Q13 M6 C2 - L4[IO] M2 P13 C6 M4X - L3[] Q1 M2Y C2Y S3Y - L2[I] Q1 - L1[W] R3 C8 - L0[O] Q1 
[  4] Utilization = 0.28 | pJ/MACC =  136.251 | L5[WIO] Q13 M2 C3 - L4[IO] M2 P13 C64 M8X - L3[] Q1 M3Y S3Y - L2[I] Q1 - L1[W] R3 - L0[O] Q1 
[  6] Utilization = 0.56 | pJ/MACC =   16.494 | L5[WIO] Q13 C24 - L4[IO] M4 P13 M12X - L3[] Q1 M2Y C2Y S3Y - L2[I] Q1 - L1[W] R3 C4 - L0[O] Q1 
[  4] Utilization = 0.56 | pJ/MACC =  135.785 | L5[WIO] Q13 C8 - L4[IO] M4 P13 C12 M12X - L3[] Q1 M2Y C2Y S3Y - L2[I] Q1 - L1[W] R3 - L0[O] Q1 
[  5] Utilization = 0.28 | pJ/MACC =  136.251 | L5[WIO] Q13 M2 C3 - L4[IO] M2 P13 C4 M8X - L3[] Q1 M3Y S3Y - L2[I] Q1 - L1[W] R3 C16 - L0[O] Q1 
[  1] Utilization = 0.25 | pJ/MACC =   23.530 | L5[WIO] M12 C2 - L4[IO] M2 P13 C24 Q13X - L3[] Q1 M4Y S3Y - L2[I] Q1 - L1[W] R3 C4 - L0[O] Q1 
[  5] Utilization = 0.28 | pJ/MACC =   16.468 | L5[WIO] Q13 C24 - L4[IO] M4 P13 M12X - L3[] Q1 M2Y S3Y - L2[I] Q1 - L1[W] R3 C8 - L0[O] Q1 
[  1] Utilization = 0.37 | pJ/MACC =   19.157 | L5[WIO] C2 - L4[IO] M16 P13 C24 Q13X - L3[] Q1 M3Y S3Y - L2[I] Q1 - L1[W] R3 C4 - L0[O] M2 
[  5] Utilization = 0.30 | pJ/MACC =   21.147 | L5[WIO] M4 C64 - L4[IO] M4 P13 C3 Q13X - L3[] Q1 M2Y S3Y - L2[I] Q1 - L1[W] R3 - L0[O] M3 
[  6] Utilization = 0.61 | pJ/MACC =   19.222 | L5[WIO] M6 C48 - L4[IO] P13 C2 Q13X - L3[] Q1 M4Y S3Y - L2[I] Q1 - L1[W] R3 C2 - L0[O] M4 
[  4] Utilization = 0.61 | pJ/MACC =    7.942 | L5[WIO] M2 C48 - L4[IO] M4 P13 Q13X - L3[] Q1 M2Y C2Y S3Y - L2[I] Q1 - L1[W] R3 C2 - L0[O] M6 
[  7] Utilization = 0.75 | pJ/MACC =   17.872 | L5[WIO] Q13 M3 C24 - L4[IO] M2 P13 M16X - L3[] Q1 C4Y S3Y - L2[I] Q1 - L1[W] R3 C2 - L0[O] Q1 
[  3] Utilization = 0.61 | pJ/MACC =    8.665 | L5[WIO] M6 C48 - L4[IO] P13 Q13X - L3[] Q1 M4Y S3Y - L2[I] Q1 - L1[W] R3 C4 - L0[O] M4 
[  1] Utilization = 0.61 | pJ/MACC =   18.215 | L5[WIO] M6 C4 - L4[IO] P13 C16 Q13X - L3[] Q1 M4Y S3Y - L2[I] Q1 - L1[W] R3 C3 - L0[O] M4 
[  7] Utilization = 0.75 | pJ/MACC =   16.819 | L5[WIO] Q13 M2 C24 - L4[IO] P13 M16X - L3[] Q1 C4Y S3Y - L2[I] Q1 - L1[W] R3 C2 - L0[O] M3 
[  4] Utilization = 0.75 | pJ/MACC =  136.622 | L5[WIO] Q13 M3 C2 - L4[IO] P13 C8 M16X - L3[] Q1 M2Y C2Y S3Y - L2[I] Q1 - L1[W] R3 C6 - L0[O] Q1 
[  5] Utilization = 0.50 | pJ/MACC =   20.727 | L5[WIO] M12 C3 - L4[IO] P13 C8 Q13X - L3[] Q1 M2Y C2Y S3Y - L2[I] Q1 - L1[W] R3 C4 - L0[O] M4 
[  0] Utilization = 0.61 | pJ/MACC =    7.722 | L5[WIO] M2 C12 - L4[IO] M8 P13 Q13X - L3[] Q1 M2Y C2Y S3Y - L2[I] Q1 - L1[W] R3 C8 - L0[O] M3 
[  5] Utilization = 0.61 | pJ/MACC =   17.938 | L5[WIO] M2 C12 - L4[IO] M4 P13 C16 Q13X - L3[] Q1 M4Y S3Y - L2[I] Q1 - L1[W] R3 - L0[O] M3 
[  1] Utilization = 0.61 | pJ/MACC =   17.436 | L5[WIO] M3 C3 - L4[IO] M2 P13 C16 Q13X - L3[] Q1 M2Y C2Y S3Y - L2[I] Q1 - L1[W] R3 C2 - L0[O] M8 
[  5] Utilization = 0.61 | pJ/MACC =    9.242 | L5[WIO] M6 C48 - L4[IO] M2 P13 Q13X - L3[] Q1 C4Y S3Y - L2[I] Q1 - L1[W] R3 - L0[O] M8 
[  1] Utilization = 0.61 | pJ/MACC =   17.008 | L5[WIO] M2 C12 - L4[IO] M2 P13 C4 Q13X - L3[] Q1 M2Y C2Y S3Y - L2[I] Q1 - L1[W] R3 C2 - L0[O] M12 
[  2] Utilization = 0.75 | pJ/MACC =  136.885 | L5[WIO] Q13 M2 C12 - L4[IO] M3 P13 C4 M16X - L3[] Q1 C4Y S3Y - L2[I] Q1 - L1[W] R3 - L0[O] Q1 
[  6] Utilization = 0.75 | pJ/MACC =  134.880 | L5[WIO] Q13 C4 - L4[IO] M2 P13 C6 M16X - L3[] Q1 C4Y S3Y - L2[I] Q1 - L1[W] R3 C2 - L0[O] M3 
[  0] Utilization = 0.75 | pJ/MACC =  134.880 | L5[WIO] Q13 C4 - L4[IO] M2 P13 C4 M16X - L3[] Q1 C4Y S3Y - L2[I] Q1 - L1[W] R3 C3 - L0[O] M3 
[  2] Utilization = 0.75 | pJ/MACC =  136.088 | L5[WIO] Q13 C4 - L4[IO] M6 P13 C3 M16X - L3[] Q1 C4Y S3Y - L2[I] Q1 - L1[W] R3 C4 - L0[O] Q1 
[  1] Utilization = 0.61 | pJ/MACC =   16.417 | L5[WIO] C4 - L4[IO] M3 P13 C16 Q13X - L3[] Q1 M4Y S3Y - L2[I] Q1 - L1[W] R3 C3 - L0[O] M8 
[  3] Utilization = 0.75 | pJ/MACC =  135.647 | L5[WIO] Q13 M3 - L4[IO] M2 P13 C12 M16X - L3[] Q1 C4Y S3Y - L2[I] Q1 - L1[W] R3 C4 - L0[O] Q1 
[  5] Utilization = 0.61 | pJ/MACC =    8.545 | L5[WIO] C96 - L4[IO] M4 P13 Q13X - L3[] Q1 M2Y C2Y S3Y - L2[I] Q1 - L1[W] R3 - L0[O] M12 
[  2] Utilization = 0.75 | pJ/MACC =  135.155 | L5[WIO] Q13 C3 - L4[IO] M3 P13 C16 M16X - L3[] Q1 C4Y S3Y - L2[I] Q1 - L1[W] R3 - L0[O] M2 
[  5] Utilization = 0.61 | pJ/MACC =    8.384 | L5[WIO] C96 - L4[IO] M2 P13 Q13X - L3[] Q1 M2Y C2Y S3Y - L2[I] Q1 - L1[W] R3 - L0[O] M24 
[  1] Utilization = 0.75 | pJ/MACC =   16.033 | L5[WIO] Q13 C12 - L4[IO] M3 P13 M16X - L3[] Q1 C4Y S3Y - L2[I] Q1 - L1[W] R3 C4 - L0[O] M2 
[  3] Utilization = 0.75 | pJ/MACC =  134.653 | L5[WIO] Q13 C3 - L4[IO] P13 C32 M16X - L3[] Q1 M2Y C2Y S3Y - L2[I] Q1 - L1[W] R3 - L0[O] M3 
[  7] Utilization = 0.75 | pJ/MACC =   16.115 | L5[WIO] Q13 C24 - L4[IO] P13 M16X - L3[] Q1 C4Y S3Y - L2[I] Q1 - L1[W] R3 C2 - L0[O] M6 
[  5] Utilization = 0.75 | pJ/MACC =  134.653 | L5[WIO] Q13 C3 - L4[IO] P13 C8 M16X - L3[] Q1 M2Y C2Y S3Y - L2[I] Q1 - L1[W] R3 C4 - L0[O] M3 
[  6] Utilization = 0.75 | pJ/MACC =   16.419 | L5[WIO] Q13 C24 - L4[IO] M3 P13 M16X - L3[] Q1 M2Y C2Y S3Y - L2[I] Q1 - L1[W] R3 C4 - L0[O] Q1 
[  4] Utilization = 0.75 | pJ/MACC =  135.589 | L5[WIO] Q13 C8 - L4[IO] M3 P13 C12 M16X - L3[] Q1 M2Y C2Y S3Y - L2[I] Q1 - L1[W] R3 - L0[O] Q1 
[  2] Utilization = 0.75 | pJ/MACC =   15.812 | L5[WIO] Q13 C8 - L4[IO] M2 P13 M16X - L3[] Q1 C4Y S3Y - L2[I] Q1 - L1[W] R3 C6 - L0[O] M3 
[  0] STATEMENT: 500 suboptimal mappings found since the last upgrade, terminating search.
[  5] Utilization = 0.75 | pJ/MACC =   17.831 | L5[WIO] Q13 C96 - L4[IO] P13 M16X - L3[] Q1 M2Y C2Y S3Y - L2[I] Q1 - L1[W] R3 - L0[O] M3 
[  3] STATEMENT: 500 suboptimal mappings found since the last upgrade, terminating search.
[  1] STATEMENT: 500 suboptimal mappings found since the last upgrade, terminating search.
[  7] STATEMENT: 500 suboptimal mappings found since the last upgrade, terminating search.
[  4] STATEMENT: 500 suboptimal mappings found since the last upgrade, terminating search.
[  6] STATEMENT: 500 suboptimal mappings found since the last upgrade, terminating search.
[  5] STATEMENT: 500 suboptimal mappings found since the last upgrade, terminating search.
[  2] STATEMENT: 500 suboptimal mappings found since the last upgrade, terminating search.
