[  5] Utilization = 0.15 | pJ/MACC =   17.425 | L5[WIO] M4 C32 - L4[IO] M8 P13 Q13X - L3[] Q1 S3Y - L2[I] Q1 - L1[W] R3 C3 - L0[O] Q1 
[  7] Utilization = 0.06 | pJ/MACC =   39.124 | L5[WIO] M4 C32 - L4[IO] M8 P13 C3 Q13X - L3[] Q1 S3Y - L2[I] Q1 - L1[W] R3 - L0[O] Q1 
[  4] Utilization = 0.06 | pJ/MACC =   37.811 | L5[WIO] M4 C3 - L4[IO] M8 P13 C8 Q13X - L3[] Q1 C4Y S3Y - L2[I] Q1 - L1[W] R3 - L0[O] Q1 
[  3] Utilization = 0.06 | pJ/MACC =   37.802 | L5[WIO] M4 C3 - L4[IO] M8 P13 C8 Q13X - L3[] Q1 C2Y S3Y - L2[I] Q1 - L1[W] R3 C2 - L0[O] Q1 
[  2] Utilization = 0.06 | pJ/MACC =   37.798 | L5[WIO] M4 C3 - L4[IO] M8 P13 C8 Q13X - L3[] Q1 S3Y - L2[I] Q1 - L1[W] R3 C4 - L0[O] Q1 
[  1] Utilization = 0.06 | pJ/MACC =   37.802 | L5[WIO] M4 C3 - L4[IO] M8 P13 C16 Q13X - L3[] Q1 C2Y S3Y - L2[I] Q1 - L1[W] R3 - L0[O] Q1 
[  6] Utilization = 0.09 | pJ/MACC =  138.773 | L5[WIO] Q13 M2 C2 - L4[IO] P13 C24 M2X - L3[] Q1 M4Y S3Y - L2[I] Q1 - L1[W] R3 C2 - L0[O] M2 
[  0] Utilization = 0.09 | pJ/MACC =  138.773 | L5[WIO] Q13 M2 C2 - L4[IO] P13 C4 M2X - L3[] Q1 M4Y S3Y - L2[I] Q1 - L1[W] R3 C12 - L0[O] M2 
[  6] Utilization = 0.15 | pJ/MACC =   17.562 | L5[WIO] M4 C32 - L4[IO] M8 P13 Q13X - L3[] Q1 C3Y S3Y - L2[I] Q1 - L1[W] R3 - L0[O] Q1 
[  4] Utilization = 0.09 | pJ/MACC =  136.149 | L5[WIO] Q13 C2 - L4[IO] P13 C12 M2X - L3[] Q1 C4Y S3Y - L2[I] Q1 - L1[W] R3 - L0[O] M16 
[  2] Utilization = 0.09 | pJ/MACC =  137.052 | L5[WIO] Q13 - L4[IO] M4 P13 C24 M2X - L3[] Q1 M2Y C2Y S3Y - L2[I] Q1 - L1[W] R3 C2 - L0[O] M2 
[  7] Utilization = 0.09 | pJ/MACC =  143.479 | L5[WIO] Q13 M4 C2 - L4[IO] P13 C24 M4X - L3[] Q1 C2Y S3Y - L2[I] Q1 - L1[W] R3 - L0[O] M2 
[  7] Utilization = 0.19 | pJ/MACC =  136.196 | L5[WIO] Q13 M2 - L4[IO] P13 C48 M16X - L3[] Q1 S3Y - L2[I] Q1 - L1[W] R3 C2 - L0[O] Q1 
[  4] Utilization = 0.12 | pJ/MACC =   25.950 | L5[WIO] M16 - L4[IO] P13 C96 Q13X - L3[] Q1 S3Y - L2[I] Q1 - L1[W] R3 - L0[O] M2 
[  3] Utilization = 0.19 | pJ/MACC =  143.484 | L5[WIO] Q13 M4 C2 - L4[IO] P13 C4 M4X - L3[] Q1 C4Y S3Y - L2[I] Q1 - L1[W] R3 C3 - L0[O] M2 
[  4] Utilization = 0.19 | pJ/MACC =  153.263 | L5[WIO] Q13 M8 C3 - L4[IO] P13 C8 M4X - L3[] Q1 C4Y S3Y - L2[I] Q1 - L1[W] R3 - L0[O] Q1 
[  5] Utilization = 0.30 | pJ/MACC =   19.059 | L5[WIO] C8 - L4[IO] M4 P13 C12 Q13X - L3[] Q1 M2Y S3Y - L2[I] Q1 - L1[W] R3 - L0[O] M4 
[  0] Utilization = 0.56 | pJ/MACC =  136.196 | L5[WIO] Q13 M2 - L4[IO] P13 C2 M16X - L3[] Q1 C3Y S3Y - L2[I] Q1 - L1[W] R3 C16 - L0[O] Q1 
[  1] Utilization = 0.09 | pJ/MACC =  143.479 | L5[WIO] Q13 M4 C2 - L4[IO] P13 C4 M4X - L3[] Q1 C2Y S3Y - L2[I] Q1 - L1[W] R3 C6 - L0[O] M2 
[  4] Utilization = 0.19 | pJ/MACC =  135.718 | L5[WIO] Q13 M2 - L4[IO] P13 C4 M4X - L3[] Q1 C4Y S3Y - L2[I] Q1 - L1[W] R3 C6 - L0[O] M4 
[  6] Utilization = 0.15 | pJ/MACC =   15.701 | L5[WIO] M2 C24 - L4[IO] M16 P13 Q13X - L3[] Q1 S3Y - L2[I] Q1 - L1[W] R3 C4 - L0[O] Q1 
[  1] Utilization = 0.75 | pJ/MACC =  136.196 | L5[WIO] Q13 M2 - L4[IO] P13 C2 M16X - L3[] Q1 C4Y S3Y - L2[I] Q1 - L1[W] R3 C12 - L0[O] Q1 
[  3] Utilization = 0.30 | pJ/MACC =   19.059 | L5[WIO] C8 - L4[IO] M4 P13 C6 Q13X - L3[] Q1 M2Y S3Y - L2[I] Q1 - L1[W] R3 C2 - L0[O] M4 
[  4] Utilization = 0.47 | pJ/MACC =   19.075 | L5[WIO] C8 - L4[IO] M4 P13 C6 Q13X - L3[] Q1 M2Y C2Y S3Y - L2[I] Q1 - L1[W] R3 - L0[O] M4 
[  7] Utilization = 0.61 | pJ/MACC =    7.986 | L5[WIO] C12 - L4[IO] M4 P13 Q13X - L3[] Q1 M2Y C2Y S3Y - L2[I] Q1 - L1[W] R3 C4 - L0[O] M4 
[  2] Utilization = 0.14 | pJ/MACC =  143.482 | L5[WIO] Q13 M4 C2 - L4[IO] P13 C4 M4X - L3[] Q1 C3Y S3Y - L2[I] Q1 - L1[W] R3 C4 - L0[O] M2 
[  6] Utilization = 0.27 | pJ/MACC =   16.538 | L5[WIO] M8 C32 - L4[IO] M2 P13 Q13X - L3[] Q1 C3Y S3Y - L2[I] Q1 - L1[W] R3 - L0[O] M2 
[  5] Utilization = 0.75 | pJ/MACC =   17.379 | L5[WIO] Q13 C6 - L4[IO] P13 M16X - L3[] Q1 M2Y C2Y S3Y - L2[I] Q1 - L1[W] R3 C8 - L0[O] Q1 
[  6] Utilization = 0.30 | pJ/MACC =   20.935 | L5[WIO] M4 C6 - L4[IO] P13 C4 Q13X - L3[] Q1 C2Y S3Y - L2[I] Q1 - L1[W] R3 C2 - L0[O] M8 
[  3] Utilization = 0.48 | pJ/MACC =   20.957 | L5[WIO] M4 C6 - L4[IO] P13 C2 Q13X - L3[] Q1 C4Y S3Y - L2[I] Q1 - L1[W] R3 C2 - L0[O] M8 
[  2] Utilization = 0.19 | pJ/MACC =  135.877 | L5[WIO] Q13 - L4[IO] M2 P13 C4 M4X - L3[] Q1 M2Y C2Y S3Y - L2[I] Q1 - L1[W] R3 C12 - L0[O] M2 
[  2] Utilization = 0.30 | pJ/MACC =   18.164 | L5[WIO] C16 - L4[IO] M2 P13 C3 Q13X - L3[] Q1 C2Y S3Y - L2[I] Q1 - L1[W] R3 - L0[O] M16 
[  4] Utilization = 0.61 | pJ/MACC =   18.288 | L5[WIO] M2 C2 - L4[IO] P13 C16 Q13X - L3[] Q1 M4Y S3Y - L2[I] Q1 - L1[W] R3 C3 - L0[O] M4 
[  0] Utilization = 0.61 | pJ/MACC =   17.811 | L5[WIO] C8 - L4[IO] M2 P13 C3 Q13X - L3[] Q1 C4Y S3Y - L2[I] Q1 - L1[W] R3 - L0[O] M16 
[  6] Utilization = 0.61 | pJ/MACC =   18.288 | L5[WIO] M2 C2 - L4[IO] P13 C8 Q13X - L3[] Q1 M4Y S3Y - L2[I] Q1 - L1[W] R3 C6 - L0[O] M4 
[  2] Utilization = 0.61 | pJ/MACC =   19.266 | L5[WIO] M2 C24 - L4[IO] P13 C2 Q13X - L3[] Q1 M2Y C2Y S3Y - L2[I] Q1 - L1[W] R3 - L0[O] M8 
[  4] Utilization = 0.61 | pJ/MACC =   13.526 | L5[WIO] M8 C6 - L4[IO] P13 Q13X - L3[] Q1 M4Y S3Y - L2[I] Q1 - L1[W] R3 C16 - L0[O] Q1 
[  2] Utilization = 0.75 | pJ/MACC =  137.797 | L5[WIO] Q13 C24 - L4[IO] P13 C2 M16X - L3[] Q1 M2Y C2Y S3Y - L2[I] Q1 - L1[W] R3 - L0[O] Q1 
[  7] Utilization = 0.61 | pJ/MACC =    7.795 | L5[WIO] C8 - L4[IO] M4 P13 Q13X - L3[] Q1 C4Y S3Y - L2[I] Q1 - L1[W] R3 C3 - L0[O] M8 
[  3] Utilization = 0.49 | pJ/MACC =   20.919 | L5[WIO] M4 C4 - L4[IO] P13 C4 Q13X - L3[] Q1 M2Y C2Y S3Y - L2[I] Q1 - L1[W] R3 C3 - L0[O] M4 
[  2] Utilization = 0.75 | pJ/MACC =  137.334 | L5[WIO] Q13 C2 - L4[IO] M2 P13 C6 M16X - L3[] Q1 C4Y S3Y - L2[I] Q1 - L1[W] R3 C2 - L0[O] Q1 
[  6] Utilization = 0.61 | pJ/MACC =   13.375 | L5[WIO] M8 C6 - L4[IO] P13 Q13X - L3[] Q1 C4Y S3Y - L2[I] Q1 - L1[W] R3 C4 - L0[O] M4 
[  4] Utilization = 0.61 | pJ/MACC =    7.696 | L5[WIO] C16 - L4[IO] M2 P13 Q13X - L3[] Q1 M2Y C2Y S3Y - L2[I] Q1 - L1[W] R3 C3 - L0[O] M8 
[  4] Utilization = 0.75 | pJ/MACC =  136.196 | L5[WIO] Q13 M2 - L4[IO] P13 C4 M16X - L3[] Q1 C4Y S3Y - L2[I] Q1 - L1[W] R3 C6 - L0[O] Q1 
[  0] Utilization = 0.75 | pJ/MACC =   17.941 | L5[WIO] Q13 C12 - L4[IO] M2 P13 M16X - L3[] Q1 C4Y S3Y - L2[I] Q1 - L1[W] R3 C2 - L0[O] Q1 
[  3] Utilization = 0.75 | pJ/MACC =   19.234 | L5[WIO] Q13 M2 C3 - L4[IO] P13 M16X - L3[] Q1 C4Y S3Y - L2[I] Q1 - L1[W] R3 C8 - L0[O] Q1 
[  6] Utilization = 0.61 | pJ/MACC =    9.909 | L5[WIO] M2 C48 - L4[IO] P13 Q13X - L3[] Q1 M2Y C2Y S3Y - L2[I] Q1 - L1[W] R3 - L0[O] M8 
[  6] Utilization = 0.61 | pJ/MACC =    9.713 | L5[WIO] C48 - L4[IO] M4 P13 Q13X - L3[] Q1 M2Y C2Y S3Y - L2[I] Q1 - L1[W] R3 - L0[O] M4 
[  6] Utilization = 0.75 | pJ/MACC =  139.151 | L5[WIO] Q13 M2 C3 - L4[IO] P13 C4 M16X - L3[] Q1 C4Y S3Y - L2[I] Q1 - L1[W] R3 C2 - L0[O] Q1 
[  6] Utilization = 0.75 | pJ/MACC =  136.934 | L5[WIO] Q13 C6 - L4[IO] P13 C4 M16X - L3[] Q1 M2Y C2Y S3Y - L2[I] Q1 - L1[W] R3 C2 - L0[O] Q1 
[  7] Utilization = 0.75 | pJ/MACC =  137.543 | L5[WIO] Q13 C6 - L4[IO] M2 P13 C4 M16X - L3[] Q1 C4Y S3Y - L2[I] Q1 - L1[W] R3 - L0[O] Q1 
[  6] Utilization = 0.75 | pJ/MACC =  135.289 | L5[WIO] Q13 - L4[IO] P13 C6 M16X - L3[] Q1 C4Y S3Y - L2[I] Q1 - L1[W] R3 C4 - L0[O] M2 
[  2] Utilization = 0.75 | pJ/MACC =  136.934 | L5[WIO] Q13 C6 - L4[IO] P13 C2 M16X - L3[] Q1 M2Y C2Y S3Y - L2[I] Q1 - L1[W] R3 C4 - L0[O] Q1 
[  5] STATEMENT: 500 suboptimal mappings found since the last upgrade, terminating search.
[  7] Utilization = 0.75 | pJ/MACC =   18.242 | L5[WIO] Q13 C24 - L4[IO] P13 M16X - L3[] Q1 M2Y C2Y S3Y - L2[I] Q1 - L1[W] R3 C2 - L0[O] Q1 
[  1] STATEMENT: 500 suboptimal mappings found since the last upgrade, terminating search.
[  4] STATEMENT: 500 suboptimal mappings found since the last upgrade, terminating search.
[  0] STATEMENT: 500 suboptimal mappings found since the last upgrade, terminating search.
[  6] Utilization = 0.75 | pJ/MACC =   19.393 | L5[WIO] Q13 C48 - L4[IO] P13 M16X - L3[] Q1 M2Y C2Y S3Y - L2[I] Q1 - L1[W] R3 - L0[O] Q1 
[  3] STATEMENT: 500 suboptimal mappings found since the last upgrade, terminating search.
[  7] Utilization = 0.75 | pJ/MACC =   17.667 | L5[WIO] Q13 C12 - L4[IO] P13 M16X - L3[] Q1 M2Y C2Y S3Y - L2[I] Q1 - L1[W] R3 C4 - L0[O] Q1 
[  2] STATEMENT: 500 suboptimal mappings found since the last upgrade, terminating search.
[  6] STATEMENT: 500 suboptimal mappings found since the last upgrade, terminating search.
[  7] STATEMENT: 500 suboptimal mappings found since the last upgrade, terminating search.
