[  0] Utilization = 0.02 | pJ/MACC =  137.024 | L5[WIO] Q13 C2 - L4[IO] M8 P13 C16 M2X - L3[] Q1 S3Y - L2[I] Q1 - L1[W] R3 C6 - L0[O] M4 
[  1] Utilization = 0.02 | pJ/MACC =  140.037 | L5[WIO] Q13 C24 - L4[IO] M16 P13 C2 M2X - L3[] Q1 S3Y - L2[I] Q1 - L1[W] R3 C4 - L0[O] M2 
[  6] Utilization = 0.02 | pJ/MACC =  140.037 | L5[WIO] Q13 C24 - L4[IO] M16 P13 C8 M2X - L3[] Q1 S3Y - L2[I] Q1 - L1[W] R3 - L0[O] M2 
[  4] Utilization = 0.46 | pJ/MACC =   10.940 | L5[WIO] C192 - L4[IO] M4 P13 Q13X - L3[] Q1 M4Y S3Y - L2[I] Q1 - L1[W] R3 - L0[O] M4 
[  5] Utilization = 0.05 | pJ/MACC =  140.062 | L5[WIO] Q13 C24 - L4[IO] M16 P13 C4 M2X - L3[] Q1 C2Y S3Y - L2[I] Q1 - L1[W] R3 - L0[O] M2 
[  5] Utilization = 0.05 | pJ/MACC =   18.933 | L5[WIO] Q13 C96 - L4[IO] M8 P13 M2X - L3[] Q1 C2Y S3Y - L2[I] Q1 - L1[W] R3 - L0[O] M4 
[  0] Utilization = 0.04 | pJ/MACC =   31.570 | L5[WIO] Q13 M16 C32 - L4[IO] P13 - L3[] Q1 C3Y S3Y - L2[I] Q1 - L1[W] R3 C2 - L0[O] M4 
[  1] Utilization = 0.05 | pJ/MACC =  137.025 | L5[WIO] Q13 C2 - L4[IO] M8 P13 C16 M2X - L3[] Q1 C2Y S3Y - L2[I] Q1 - L1[W] R3 C3 - L0[O] M4 
[  7] Utilization = 0.02 | pJ/MACC =  143.669 | L5[WIO] Q13 M8 - L4[IO] M4 P13 C16 - L3[] Q1 C2Y S3Y - L2[I] Q1 - L1[W] R3 C6 - L0[O] M2 
[  3] Utilization = 0.49 | pJ/MACC =   20.907 | L5[WIO] M8 C4 - L4[IO] P13 C48 Q13X - L3[] Q1 M4Y S3Y - L2[I] Q1 - L1[W] R3 - L0[O] M2 
[  2] Utilization = 0.05 | pJ/MACC =  140.062 | L5[WIO] Q13 C24 - L4[IO] M16 P13 C2 M2X - L3[] Q1 C2Y S3Y - L2[I] Q1 - L1[W] R3 C2 - L0[O] M2 
[  6] Utilization = 0.30 | pJ/MACC =   18.304 | L5[WIO] M4 - L4[IO] M2 P13 C192 Q13X - L3[] Q1 M2Y S3Y - L2[I] Q1 - L1[W] R3 - L0[O] M4 
[  2] Utilization = 0.07 | pJ/MACC =  137.026 | L5[WIO] Q13 C2 - L4[IO] M8 P13 C16 M2X - L3[] Q1 C3Y S3Y - L2[I] Q1 - L1[W] R3 C2 - L0[O] M4 
[  2] Utilization = 0.09 | pJ/MACC =  135.261 | L5[WIO] Q13 C2 - L4[IO] M2 P13 C48 M2X - L3[] Q1 M4Y S3Y - L2[I] Q1 - L1[W] R3 C2 - L0[O] M4 
[  4] Utilization = 0.49 | pJ/MACC =   20.907 | L5[WIO] M8 C4 - L4[IO] P13 C6 Q13X - L3[] Q1 M4Y S3Y - L2[I] Q1 - L1[W] R3 C8 - L0[O] M2 
[  0] Utilization = 0.19 | pJ/MACC =  136.372 | L5[WIO] Q13 C4 - L4[IO] M4 P13 C8 M4X - L3[] Q1 M4Y S3Y - L2[I] Q1 - L1[W] R3 C6 - L0[O] Q1 
[  7] Utilization = 0.25 | pJ/MACC =   23.102 | L5[WIO] M8 C4 - L4[IO] M2 P13 C12 Q13X - L3[] Q1 C2Y S3Y - L2[I] Q1 - L1[W] R3 C2 - L0[O] M4 
[  5] Utilization = 0.57 | pJ/MACC =    8.977 | L5[WIO] M2 C24 - L4[IO] M8 P13 Q13X - L3[] Q1 M4Y S3Y - L2[I] Q1 - L1[W] R3 C8 - L0[O] Q1 
[  4] Utilization = 0.50 | pJ/MACC =   18.304 | L5[WIO] M4 - L4[IO] M2 P13 C96 Q13X - L3[] Q1 M2Y C2Y S3Y - L2[I] Q1 - L1[W] R3 - L0[O] M4 
[  7] Utilization = 0.60 | pJ/MACC =    8.349 | L5[WIO] C16 - L4[IO] M16 P13 Q13X - L3[] Q1 M2Y C2Y S3Y - L2[I] Q1 - L1[W] R3 C6 - L0[O] M2 
[  2] Utilization = 0.25 | pJ/MACC =   21.632 | L5[WIO] M2 C8 - L4[IO] M8 P13 C24 Q13X - L3[] Q1 M4Y S3Y - L2[I] Q1 - L1[W] R3 - L0[O] Q1 
[  0] Utilization = 0.19 | pJ/MACC =  134.854 | L5[WIO] Q13 M2 - L4[IO] P13 C48 M4X - L3[] Q1 M4Y S3Y - L2[I] Q1 - L1[W] R3 C4 - L0[O] M2 
[  1] Utilization = 0.25 | pJ/MACC =   23.102 | L5[WIO] M8 C4 - L4[IO] M2 P13 C8 Q13X - L3[] Q1 C2Y S3Y - L2[I] Q1 - L1[W] R3 C3 - L0[O] M4 
[  0] Utilization = 0.25 | pJ/MACC =   21.632 | L5[WIO] M2 C8 - L4[IO] M8 P13 C8 Q13X - L3[] Q1 M4Y S3Y - L2[I] Q1 - L1[W] R3 C3 - L0[O] Q1 
[  6] Utilization = 0.30 | pJ/MACC =    8.332 | L5[WIO] C16 - L4[IO] M16 P13 Q13X - L3[] Q1 M2Y S3Y - L2[I] Q1 - L1[W] R3 C12 - L0[O] M2 
[  2] Utilization = 0.25 | pJ/MACC =   23.105 | L5[WIO] M8 C4 - L4[IO] M2 P13 C8 Q13X - L3[] Q1 C3Y S3Y - L2[I] Q1 - L1[W] R3 C2 - L0[O] M4 
[  1] Utilization = 0.38 | pJ/MACC =   19.879 | L5[WIO] Q13 M4 C16 - L4[IO] M2 P13 M8X - L3[] Q1 C4Y S3Y - L2[I] Q1 - L1[W] R3 C3 - L0[O] Q1 
[  0] Utilization = 0.28 | pJ/MACC =   19.862 | L5[WIO] Q13 M4 C16 - L4[IO] M2 P13 M8X - L3[] Q1 C3Y S3Y - L2[I] Q1 - L1[W] R3 C4 - L0[O] Q1 
[  5] Utilization = 0.75 | pJ/MACC =  135.367 | L5[WIO] Q13 C12 - L4[IO] P13 C2 M16X - L3[] Q1 M2Y C2Y S3Y - L2[I] Q1 - L1[W] R3 C4 - L0[O] M2 
[  2] Utilization = 0.30 | pJ/MACC =   18.776 | L5[WIO] C24 - L4[IO] M8 P13 C2 Q13X - L3[] Q1 C2Y S3Y - L2[I] Q1 - L1[W] R3 C2 - L0[O] M8 
[  1] Utilization = 0.61 | pJ/MACC =   18.170 | L5[WIO] M4 C2 - L4[IO] P13 C24 Q13X - L3[] Q1 M4Y S3Y - L2[I] Q1 - L1[W] R3 C4 - L0[O] M4 
[  0] Utilization = 0.75 | pJ/MACC =   16.189 | L5[WIO] Q13 C12 - L4[IO] P13 M16X - L3[] Q1 M2Y C2Y S3Y - L2[I] Q1 - L1[W] R3 C8 - L0[O] M2 
[  2] Utilization = 0.30 | pJ/MACC =   17.758 | L5[WIO] C32 - L4[IO] M4 P13 C2 Q13X - L3[] Q1 M2Y S3Y - L2[I] Q1 - L1[W] R3 C3 - L0[O] M8 
[  6] Utilization = 0.47 | pJ/MACC =   18.664 | L5[WIO] C16 - L4[IO] M8 P13 C6 Q13X - L3[] Q1 M2Y C2Y S3Y - L2[I] Q1 - L1[W] R3 - L0[O] M4 
[  4] Utilization = 0.51 | pJ/MACC =   10.134 | L5[WIO] M4 C48 - L4[IO] M4 P13 Q13X - L3[] Q1 M2Y C2Y S3Y - L2[I] Q1 - L1[W] R3 C2 - L0[O] M2 
[  6] Utilization = 0.50 | pJ/MACC =   18.463 | L5[WIO] M4 - L4[IO] M2 P13 C192 Q13X - L3[] Q1 M4Y S3Y - L2[I] Q1 - L1[W] R3 - L0[O] M2 
[  4] Utilization = 0.61 | pJ/MACC =   17.129 | L5[WIO] Q1 - L4[IO] M4 P13 C64 Q13X - L3[] Q1 M4Y S3Y - L2[I] Q1 - L1[W] R3 C3 - L0[O] M4 
[  1] Utilization = 0.75 | pJ/MACC =   17.557 | L5[WIO] Q13 M2 C12 - L4[IO] M2 P13 M16X - L3[] Q1 C4Y S3Y - L2[I] Q1 - L1[W] R3 C4 - L0[O] Q1 
[  6] Utilization = 0.75 | pJ/MACC =  137.474 | L5[WIO] Q13 M2 C12 - L4[IO] M2 P13 C2 M16X - L3[] Q1 C4Y S3Y - L2[I] Q1 - L1[W] R3 C2 - L0[O] Q1 
[  2] Utilization = 0.38 | pJ/MACC =  135.442 | L5[WIO] Q13 M4 - L4[IO] P13 C48 M8X - L3[] Q1 C4Y S3Y - L2[I] Q1 - L1[W] R3 - L0[O] M2 
[  7] Utilization = 0.75 | pJ/MACC =  135.175 | L5[WIO] Q13 C4 - L4[IO] P13 C12 M16X - L3[] Q1 M2Y C2Y S3Y - L2[I] Q1 - L1[W] R3 C2 - L0[O] M2 
[  6] Utilization = 0.75 | pJ/MACC =  136.332 | L5[WIO] Q13 M2 C3 - L4[IO] P13 C8 M16X - L3[] Q1 C4Y S3Y - L2[I] Q1 - L1[W] R3 C2 - L0[O] M2 
[  7] Utilization = 0.75 | pJ/MACC =   17.872 | L5[WIO] Q13 M2 C24 - L4[IO] M2 P13 M16X - L3[] Q1 C4Y S3Y - L2[I] Q1 - L1[W] R3 C2 - L0[O] Q1 
[  2] Utilization = 0.75 | pJ/MACC =  135.582 | L5[WIO] Q13 C8 - L4[IO] P13 C24 M16X - L3[] Q1 M4Y S3Y - L2[I] Q1 - L1[W] R3 - L0[O] Q1 
[  3] Utilization = 0.75 | pJ/MACC =  135.582 | L5[WIO] Q13 C8 - L4[IO] P13 C12 M16X - L3[] Q1 M4Y S3Y - L2[I] Q1 - L1[W] R3 C2 - L0[O] Q1 
[  5] Utilization = 0.75 | pJ/MACC =  135.175 | L5[WIO] Q13 C4 - L4[IO] P13 C24 M16X - L3[] Q1 M2Y C2Y S3Y - L2[I] Q1 - L1[W] R3 - L0[O] M2 
[  5] Utilization = 0.75 | pJ/MACC =   16.574 | L5[WIO] Q13 C24 - L4[IO] P13 M16X - L3[] Q1 M4Y S3Y - L2[I] Q1 - L1[W] R3 C8 - L0[O] Q1 
[  4] Utilization = 0.61 | pJ/MACC =   17.049 | L5[WIO] M2 - L4[IO] M2 P13 C96 Q13X - L3[] Q1 M2Y C2Y S3Y - L2[I] Q1 - L1[W] R3 - L0[O] M8 
[  2] Utilization = 0.75 | pJ/MACC =  135.173 | L5[WIO] Q13 M2 - L4[IO] P13 C32 M16X - L3[] Q1 M2Y C2Y S3Y - L2[I] Q1 - L1[W] R3 C3 - L0[O] Q1 
[  6] Utilization = 0.75 | pJ/MACC =  134.560 | L5[WIO] Q13 - L4[IO] P13 C24 M16X - L3[] Q1 M2Y C2Y S3Y - L2[I] Q1 - L1[W] R3 C4 - L0[O] M2 
[  4] Utilization = 0.61 | pJ/MACC =   16.507 | L5[WIO] C3 - L4[IO] M2 P13 C64 Q13X - L3[] Q1 M4Y S3Y - L2[I] Q1 - L1[W] R3 - L0[O] M8 
[  4] Utilization = 0.75 | pJ/MACC =   17.288 | L5[WIO] Q13 C48 - L4[IO] M2 P13 M16X - L3[] Q1 M2Y C2Y S3Y - L2[I] Q1 - L1[W] R3 C2 - L0[O] Q1 
[  2] Utilization = 0.75 | pJ/MACC =   16.440 | L5[WIO] Q13 C3 - L4[IO] M4 P13 M16X - L3[] Q1 C4Y S3Y - L2[I] Q1 - L1[W] R3 C16 - L0[O] Q1 
[  2] Utilization = 0.75 | pJ/MACC =   16.048 | L5[WIO] Q13 C8 - L4[IO] P13 M16X - L3[] Q1 C4Y S3Y - L2[I] Q1 - L1[W] R3 C6 - L0[O] M4 
[  7] Utilization = 0.75 | pJ/MACC =   16.904 | L5[WIO] Q13 C32 - L4[IO] M2 P13 M16X - L3[] Q1 M2Y C2Y S3Y - L2[I] Q1 - L1[W] R3 C3 - L0[O] Q1 
[  6] Utilization = 0.75 | pJ/MACC =   16.477 | L5[WIO] Q13 C24 - L4[IO] P13 M16X - L3[] Q1 M2Y C2Y S3Y - L2[I] Q1 - L1[W] R3 C4 - L0[O] M2 
[  3] Utilization = 0.75 | pJ/MACC =  135.445 | L5[WIO] Q13 C2 - L4[IO] P13 C8 M16X - L3[] Q1 M4Y S3Y - L2[I] Q1 - L1[W] R3 C12 - L0[O] Q1 
[  7] Utilization = 0.75 | pJ/MACC =   16.467 | L5[WIO] Q13 C24 - L4[IO] P13 M16X - L3[] Q1 C4Y S3Y - L2[I] Q1 - L1[W] R3 C2 - L0[O] M4 
[  0] STATEMENT: 500 suboptimal mappings found since the last upgrade, terminating search.
[  4] STATEMENT: 500 suboptimal mappings found since the last upgrade, terminating search.
[  5] STATEMENT: 500 suboptimal mappings found since the last upgrade, terminating search.
[  1] STATEMENT: 500 suboptimal mappings found since the last upgrade, terminating search.
[  3] Utilization = 0.75 | pJ/MACC =  134.854 | L5[WIO] Q13 - L4[IO] M2 P13 C12 M16X - L3[] Q1 C4Y S3Y - L2[I] Q1 - L1[W] R3 C4 - L0[O] M2 
[  3] Utilization = 0.75 | pJ/MACC =   17.489 | L5[WIO] Q13 C64 - L4[IO] P13 M16X - L3[] Q1 M4Y S3Y - L2[I] Q1 - L1[W] R3 C3 - L0[O] Q1 
[  3] Utilization = 0.75 | pJ/MACC =   16.518 | L5[WIO] Q13 C6 - L4[IO] M4 P13 M16X - L3[] Q1 C4Y S3Y - L2[I] Q1 - L1[W] R3 C8 - L0[O] Q1 
[  2] STATEMENT: 500 suboptimal mappings found since the last upgrade, terminating search.
[  6] STATEMENT: 500 suboptimal mappings found since the last upgrade, terminating search.
[  7] STATEMENT: 500 suboptimal mappings found since the last upgrade, terminating search.
[  3] STATEMENT: 500 suboptimal mappings found since the last upgrade, terminating search.
